{"level":"info","message":"::1 - - [18/Oct/2022:15:44:48 +0000] \"GET / HTTP/1.1\" 200 20 \"-\" \"Mozilla/5.0 (X11; Linux x86_64) AppleWebKit/537.36 (KHTML, like Gecko) Chrome/104.0.5112.102 Safari/537.36\"\n"}
{"level":"info","message":"::1 - - [18/Oct/2022:15:44:48 +0000] \"GET /favicon.ico HTTP/1.1\" 404 150 \"http://localhost:8000/\" \"Mozilla/5.0 (X11; Linux x86_64) AppleWebKit/537.36 (KHTML, like Gecko) Chrome/104.0.5112.102 Safari/537.36\"\n"}
{"level":"info","message":"::1 - - [18/Oct/2022:15:44:52 +0000] \"GET /products HTTP/1.1\" 404 147 \"-\" \"Mozilla/5.0 (X11; Linux x86_64) AppleWebKit/537.36 (KHTML, like Gecko) Chrome/104.0.5112.102 Safari/537.36\"\n"}
{"level":"info","message":"::1 - - [18/Oct/2022:15:44:59 +0000] \"GET / HTTP/1.1\" 304 - \"-\" \"Mozilla/5.0 (X11; Linux x86_64) AppleWebKit/537.36 (KHTML, like Gecko) Chrome/104.0.5112.102 Safari/537.36\"\n"}
{"level":"info","message":"::1 - - [18/Oct/2022:15:45:00 +0000] \"GET / HTTP/1.1\" 200 20 \"-\" \"Mozilla/5.0 (X11; Linux x86_64) AppleWebKit/537.36 (KHTML, like Gecko) Chrome/104.0.5112.102 Safari/537.36\"\n"}
{"level":"info","message":"::1 - - [18/Oct/2022:15:45:00 +0000] \"GET /favicon.ico HTTP/1.1\" 404 150 \"http://localhost:8000/\" \"Mozilla/5.0 (X11; Linux x86_64) AppleWebKit/537.36 (KHTML, like Gecko) Chrome/104.0.5112.102 Safari/537.36\"\n"}
{"level":"info","message":"::1 - - [18/Oct/2022:15:45:17 +0000] \"GET /products HTTP/1.1\" 200 20 \"-\" \"Mozilla/5.0 (X11; Linux x86_64) AppleWebKit/537.36 (KHTML, like Gecko) Chrome/104.0.5112.102 Safari/537.36\"\n"}
{"level":"info","message":"::1 - - [18/Oct/2022:15:45:18 +0000] \"GET /products HTTP/1.1\" 304 - \"-\" \"Mozilla/5.0 (X11; Linux x86_64) AppleWebKit/537.36 (KHTML, like Gecko) Chrome/104.0.5112.102 Safari/537.36\"\n"}
{"level":"info","message":"::1 - - [18/Oct/2022:16:03:46 +0000] \"GET /products HTTP/1.1\" 200 67 \"-\" \"Mozilla/5.0 (X11; Linux x86_64) AppleWebKit/537.36 (KHTML, like Gecko) Chrome/104.0.5112.102 Safari/537.36\"\n"}
{"level":"info","message":"::1 - - [18/Oct/2022:16:04:06 +0000] \"GET /products HTTP/1.1\" 200 77 \"-\" \"Mozilla/5.0 (X11; Linux x86_64) AppleWebKit/537.36 (KHTML, like Gecko) Chrome/104.0.5112.102 Safari/537.36\"\n"}
{"level":"info","message":"::1 - - [18/Oct/2022:16:07:54 +0000] \"GET /products HTTP/1.1\" 200 77 \"-\" \"PostmanRuntime/7.29.2\"\n"}
{"level":"info","message":"::1 - - [18/Oct/2022:16:24:52 +0000] \"POST /auth/register HTTP/1.1\" 201 151 \"-\" \"PostmanRuntime/7.29.2\"\n"}
{"level":"info","message":"::1 - - [18/Oct/2022:16:25:00 +0000] \"POST /auth/register HTTP/1.1\" 500 1411 \"-\" \"PostmanRuntime/7.29.2\"\n"}
{"level":"info","message":"::1 - - [18/Oct/2022:16:25:46 +0000] \"POST /auth/register HTTP/1.1\" 500 346 \"-\" \"PostmanRuntime/7.29.2\"\n"}
{"level":"info","message":"::1 - - [18/Oct/2022:16:26:10 +0000] \"POST /auth/register HTTP/1.1\" 422 346 \"-\" \"PostmanRuntime/7.29.2\"\n"}
{"level":"info","message":"::1 - - [18/Oct/2022:16:26:20 +0000] \"POST /auth/register HTTP/1.1\" 422 225 \"-\" \"PostmanRuntime/7.29.2\"\n"}
{"level":"info","message":"::1 - - [18/Oct/2022:16:27:03 +0000] \"POST /auth/login HTTP/1.1\" 200 4 \"-\" \"PostmanRuntime/7.29.2\"\n"}
{"level":"info","message":"::1 - - [18/Oct/2022:19:45:19 +0000] \"POST /auth/login HTTP/1.1\" 422 95 \"-\" \"PostmanRuntime/7.29.2\"\n"}
{"level":"info","message":"::1 - - [18/Oct/2022:19:45:24 +0000] \"POST /auth/login HTTP/1.1\" 422 95 \"-\" \"PostmanRuntime/7.29.2\"\n"}
{"level":"info","message":"::1 - - [18/Oct/2022:19:45:38 +0000] \"POST /auth/login HTTP/1.1\" - - \"-\" \"PostmanRuntime/7.29.2\"\n"}
{"level":"info","message":"::1 - - [18/Oct/2022:20:06:21 +0000] \"POST /auth/register HTTP/1.1\" 201 151 \"-\" \"PostmanRuntime/7.29.2\"\n"}
{"level":"info","message":"::1 - - [18/Oct/2022:20:07:59 +0000] \"POST /auth/register HTTP/1.1\" 201 151 \"-\" \"PostmanRuntime/7.29.2\"\n"}
{"level":"info","message":"::1 - - [18/Oct/2022:20:08:15 +0000] \"POST /auth/register HTTP/1.1\" 422 178 \"-\" \"PostmanRuntime/7.29.2\"\n"}
{"level":"info","message":"::1 - - [18/Oct/2022:20:08:20 +0000] \"POST /auth/register HTTP/1.1\" 201 151 \"-\" \"PostmanRuntime/7.29.2\"\n"}
{"level":"info","message":"::1 - - [18/Oct/2022:20:09:11 +0000] \"POST /auth/register HTTP/1.1\" 422 178 \"-\" \"PostmanRuntime/7.29.2\"\n"}
{"level":"info","message":"::1 - - [18/Oct/2022:20:09:15 +0000] \"POST /auth/register HTTP/1.1\" 500 148 \"-\" \"PostmanRuntime/7.29.2\"\n"}
{"level":"info","message":"::1 - - [18/Oct/2022:20:09:31 +0000] \"POST /auth/register HTTP/1.1\" 422 169 \"-\" \"PostmanRuntime/7.29.2\"\n"}
{"level":"info","message":"::1 - - [18/Oct/2022:20:10:04 +0000] \"POST /auth/register HTTP/1.1\" 422 169 \"-\" \"PostmanRuntime/7.29.2\"\n"}
{"level":"info","message":"::1 - - [18/Oct/2022:20:11:51 +0000] \"POST /auth/register HTTP/1.1\" 201 151 \"-\" \"PostmanRuntime/7.29.2\"\n"}
{"level":"info","message":"::1 - - [18/Oct/2022:20:12:23 +0000] \"POST /auth/register HTTP/1.1\" 201 151 \"-\" \"PostmanRuntime/7.29.2\"\n"}
{"level":"info","message":"::1 - - [18/Oct/2022:21:22:04 +0000] \"POST /auth/login HTTP/1.1\" 200 403 \"-\" \"PostmanRuntime/7.29.2\"\n"}
{"level":"info","message":"::1 - - [19/Oct/2022:08:56:59 +0000] \"POST /auth/login HTTP/1.1\" 200 447 \"-\" \"PostmanRuntime/7.29.2\"\n"}
{"level":"info","message":"::1 - - [19/Oct/2022:11:14:39 +0000] \"GET /products HTTP/1.1\" 200 77 \"-\" \"PostmanRuntime/7.29.2\"\n"}
{"level":"info","message":"::1 - - [19/Oct/2022:11:14:48 +0000] \"GET /products HTTP/1.1\" 200 77 \"-\" \"PostmanRuntime/7.29.2\"\n"}
{"level":"info","message":"::1 - - [19/Oct/2022:11:14:52 +0000] \"GET /products HTTP/1.1\" 422 59 \"-\" \"PostmanRuntime/7.29.2\"\n"}
{"level":"info","message":"::1 - - [19/Oct/2022:11:14:59 +0000] \"GET /products HTTP/1.1\" 200 77 \"-\" \"PostmanRuntime/7.29.2\"\n"}
{"level":"info","message":"::1 - - [19/Oct/2022:11:15:25 +0000] \"GET /products HTTP/1.1\" 401 56 \"-\" \"PostmanRuntime/7.29.2\"\n"}
{"level":"info","message":"::1 - - [19/Oct/2022:11:15:55 +0000] \"POST /auth/register HTTP/1.1\" 201 167 \"-\" \"PostmanRuntime/7.29.2\"\n"}
{"level":"info","message":"::1 - - [19/Oct/2022:11:15:57 +0000] \"POST /auth/login HTTP/1.1\" 200 447 \"-\" \"PostmanRuntime/7.29.2\"\n"}
{"level":"info","message":"::1 - - [19/Oct/2022:11:16:16 +0000] \"GET /products HTTP/1.1\" 401 56 \"-\" \"PostmanRuntime/7.29.2\"\n"}
{"level":"info","message":"::1 - - [19/Oct/2022:11:16:28 +0000] \"GET /products HTTP/1.1\" 401 56 \"-\" \"PostmanRuntime/7.29.2\"\n"}
{"level":"info","message":"::1 - - [19/Oct/2022:11:16:44 +0000] \"POST /auth/login HTTP/1.1\" 200 444 \"-\" \"PostmanRuntime/7.29.2\"\n"}
{"level":"info","message":"::1 - - [19/Oct/2022:11:16:57 +0000] \"GET /products HTTP/1.1\" 401 56 \"-\" \"PostmanRuntime/7.29.2\"\n"}
{"level":"info","message":"::1 - - [19/Oct/2022:11:17:07 +0000] \"GET /products HTTP/1.1\" 200 77 \"-\" \"PostmanRuntime/7.29.2\"\n"}
{"level":"info","message":"::1 - - [19/Oct/2022:11:18:47 +0000] \"GET /products HTTP/1.1\" 200 77 \"-\" \"PostmanRuntime/7.29.2\"\n"}
{"level":"info","message":"::1 - - [19/Oct/2022:11:19:52 +0000] \"POST /auth/register HTTP/1.1\" 201 167 \"-\" \"PostmanRuntime/7.29.2\"\n"}
{"level":"info","message":"::1 - - [19/Oct/2022:11:19:55 +0000] \"POST /auth/login HTTP/1.1\" 200 447 \"-\" \"PostmanRuntime/7.29.2\"\n"}
{"level":"info","message":"::1 - - [19/Oct/2022:11:55:06 +0000] \"POST /products HTTP/1.1\" 422 260 \"-\" \"PostmanRuntime/7.29.2\"\n"}
{"level":"info","message":"::1 - - [19/Oct/2022:11:55:21 +0000] \"POST /products HTTP/1.1\" 422 129 \"-\" \"PostmanRuntime/7.29.2\"\n"}
{"level":"info","message":"::1 - - [19/Oct/2022:12:00:09 +0000] \"POST /products HTTP/1.1\" 422 129 \"-\" \"PostmanRuntime/7.29.2\"\n"}
{"level":"info","message":"::1 - - [19/Oct/2022:12:00:59 +0000] \"POST /products HTTP/1.1\" 422 129 \"-\" \"PostmanRuntime/7.29.2\"\n"}
{"level":"info","message":"::1 - - [19/Oct/2022:12:01:10 +0000] \"POST /products HTTP/1.1\" 422 129 \"-\" \"PostmanRuntime/7.29.2\"\n"}
{"level":"info","message":"::1 - - [19/Oct/2022:12:01:15 +0000] \"POST /products HTTP/1.1\" 422 129 \"-\" \"PostmanRuntime/7.29.2\"\n"}
{"level":"info","message":"::1 - - [19/Oct/2022:13:04:12 +0000] \"POST /products HTTP/1.1\" 500 111 \"-\" \"PostmanRuntime/7.29.2\"\n"}
{"level":"info","message":"::1 - - [19/Oct/2022:13:05:27 +0000] \"POST /products HTTP/1.1\" 500 58 \"-\" \"PostmanRuntime/7.29.2\"\n"}
{"level":"info","message":"::1 - - [19/Oct/2022:13:07:30 +0000] \"POST /products HTTP/1.1\" 500 70 \"-\" \"PostmanRuntime/7.29.2\"\n"}
{"level":"info","message":"::1 - - [19/Oct/2022:13:07:42 +0000] \"POST /products HTTP/1.1\" 500 70 \"-\" \"PostmanRuntime/7.29.2\"\n"}
{"level":"info","message":"::1 - - [19/Oct/2022:13:07:43 +0000] \"POST /products HTTP/1.1\" 500 70 \"-\" \"PostmanRuntime/7.29.2\"\n"}
{"level":"info","message":"::1 - - [19/Oct/2022:13:21:52 +0000] \"POST /products HTTP/1.1\" 422 84 \"-\" \"PostmanRuntime/7.29.2\"\n"}
{"level":"info","message":"::1 - - [19/Oct/2022:13:22:06 +0000] \"POST /products HTTP/1.1\" 422 84 \"-\" \"PostmanRuntime/7.29.2\"\n"}
{"level":"info","message":"::1 - - [19/Oct/2022:13:22:24 +0000] \"POST /products HTTP/1.1\" 201 426 \"-\" \"PostmanRuntime/7.29.2\"\n"}
{"level":"info","message":"::1 - - [19/Oct/2022:14:17:28 +0000] \"POST /products HTTP/1.1\" 422 160 \"-\" \"PostmanRuntime/7.29.2\"\n"}
{"level":"info","message":"::1 - - [19/Oct/2022:14:17:43 +0000] \"POST /products HTTP/1.1\" 422 164 \"-\" \"PostmanRuntime/7.29.2\"\n"}
{"level":"info","message":"::1 - - [19/Oct/2022:14:18:16 +0000] \"POST /products HTTP/1.1\" 422 167 \"-\" \"PostmanRuntime/7.29.2\"\n"}
{"level":"info","message":"::1 - - [19/Oct/2022:14:21:13 +0000] \"POST /products HTTP/1.1\" 500 91 \"-\" \"PostmanRuntime/7.29.2\"\n"}
{"level":"info","message":"::1 - - [19/Oct/2022:14:21:46 +0000] \"POST /products HTTP/1.1\" 422 59 \"-\" \"PostmanRuntime/7.29.2\"\n"}
{"level":"info","message":"::1 - - [19/Oct/2022:14:21:56 +0000] \"POST /auth/login HTTP/1.1\" 200 447 \"-\" \"PostmanRuntime/7.29.2\"\n"}
{"level":"info","message":"::1 - - [19/Oct/2022:14:22:19 +0000] \"POST /products HTTP/1.1\" 500 191 \"-\" \"PostmanRuntime/7.29.2\"\n"}
{"level":"info","message":"::1 - - [19/Oct/2022:16:16:33 +0000] \"POST /products HTTP/1.1\" - - \"-\" \"PostmanRuntime/7.29.2\"\n"}
{"level":"info","message":"::1 - - [19/Oct/2022:16:20:06 +0000] \"POST /products HTTP/1.1\" - - \"-\" \"PostmanRuntime/7.29.2\"\n"}
{"level":"info","message":"::1 - - [19/Oct/2022:16:24:33 +0000] \"POST /products HTTP/1.1\" 500 73 \"-\" \"PostmanRuntime/7.29.2\"\n"}
{"level":"info","message":"::1 - - [19/Oct/2022:16:35:05 +0000] \"POST /products HTTP/1.1\" - - \"-\" \"PostmanRuntime/7.29.2\"\n"}
{"level":"info","message":"::1 - - [19/Oct/2022:16:38:58 +0000] \"POST /products HTTP/1.1\" 500 174 \"-\" \"PostmanRuntime/7.29.2\"\n"}
{"level":"info","message":"::1 - - [19/Oct/2022:16:39:07 +0000] \"POST /products HTTP/1.1\" 500 174 \"-\" \"PostmanRuntime/7.29.2\"\n"}
{"level":"info","message":"::1 - - [19/Oct/2022:16:41:18 +0000] \"POST /products HTTP/1.1\" 500 140 \"-\" \"PostmanRuntime/7.29.2\"\n"}
{"level":"info","message":"::1 - - [19/Oct/2022:16:41:24 +0000] \"POST /products HTTP/1.1\" 500 140 \"-\" \"PostmanRuntime/7.29.2\"\n"}
{"level":"info","message":"::1 - - [19/Oct/2022:16:42:58 +0000] \"POST /products HTTP/1.1\" - - \"-\" \"PostmanRuntime/7.29.2\"\n"}
{"level":"info","message":"::1 - - [19/Oct/2022:16:56:19 +0000] \"POST /products HTTP/1.1\" - - \"-\" \"PostmanRuntime/7.29.2\"\n"}
{"level":"info","message":"::1 - - [19/Oct/2022:18:23:57 +0000] \"POST /products HTTP/1.1\" - - \"-\" \"PostmanRuntime/7.29.2\"\n"}
{"level":"info","message":"::1 - - [19/Oct/2022:18:29:22 +0000] \"POST /products HTTP/1.1\" 422 133 \"-\" \"PostmanRuntime/7.29.2\"\n"}
{"level":"info","message":"::1 - - [19/Oct/2022:18:29:34 +0000] \"POST /products HTTP/1.1\" 201 470 \"-\" \"PostmanRuntime/7.29.2\"\n"}
{"level":"info","message":"::1 - - [19/Oct/2022:18:30:33 +0000] \"GET /products HTTP/1.1\" 200 839 \"-\" \"PostmanRuntime/7.29.2\"\n"}
{"level":"info","message":"::1 - - [19/Oct/2022:18:35:13 +0000] \"GET /category HTTP/1.1\" 404 147 \"-\" \"PostmanRuntime/7.29.2\"\n"}
{"level":"info","message":"::1 - - [19/Oct/2022:18:35:42 +0000] \"GET /category HTTP/1.1\" 200 140 \"-\" \"PostmanRuntime/7.29.2\"\n"}
{"level":"info","message":"::1 - - [19/Oct/2022:18:36:15 +0000] \"GET /category HTTP/1.1\" 200 132 \"-\" \"PostmanRuntime/7.29.2\"\n"}
{"level":"info","message":"::1 - - [19/Oct/2022:18:36:28 +0000] \"GET /category HTTP/1.1\" 200 132 \"-\" \"PostmanRuntime/7.29.2\"\n"}
{"level":"info","message":"::1 - - [19/Oct/2022:18:52:18 +0000] \"POST /products HTTP/1.1\" 500 51 \"-\" \"PostmanRuntime/7.29.2\"\n"}
{"level":"info","message":"::1 - - [19/Oct/2022:18:53:03 +0000] \"POST /products HTTP/1.1\" 201 470 \"-\" \"PostmanRuntime/7.29.2\"\n"}
{"level":"info","message":"::1 - - [20/Oct/2022:05:50:19 +0000] \"POST /products HTTP/1.1\" 201 470 \"-\" \"PostmanRuntime/7.29.2\"\n"}
{"level":"info","message":"::1 - - [20/Oct/2022:05:50:43 +0000] \"GET /category HTTP/1.1\" 200 132 \"-\" \"PostmanRuntime/7.29.2\"\n"}
{"level":"info","message":"::1 - - [20/Oct/2022:05:52:50 +0000] \"GET /categories HTTP/1.1\" 200 132 \"-\" \"PostmanRuntime/7.29.2\"\n"}
{"level":"info","message":"::1 - - [20/Oct/2022:05:52:59 +0000] \"GET /categories HTTP/1.1\" 200 132 \"-\" \"PostmanRuntime/7.29.2\"\n"}
{"level":"info","message":"::1 - - [20/Oct/2022:05:53:04 +0000] \"POST /categories HTTP/1.1\" 404 150 \"-\" \"PostmanRuntime/7.29.2\"\n"}
{"level":"info","message":"::1 - - [20/Oct/2022:06:01:42 +0000] \"POST /categories HTTP/1.1\" 422 212 \"-\" \"PostmanRuntime/7.29.2\"\n"}
{"level":"info","message":"::1 - - [20/Oct/2022:06:07:46 +0000] \"POST /categories HTTP/1.1\" 422 208 \"-\" \"PostmanRuntime/7.29.2\"\n"}
{"level":"info","message":"::1 - - [20/Oct/2022:06:08:05 +0000] \"POST /categories HTTP/1.1\" 422 127 \"-\" \"PostmanRuntime/7.29.2\"\n"}
{"level":"info","message":"::1 - - [20/Oct/2022:06:10:58 +0000] \"POST /categories HTTP/1.1\" 422 127 \"-\" \"PostmanRuntime/7.29.2\"\n"}
{"level":"info","message":"::1 - - [20/Oct/2022:06:11:11 +0000] \"POST /categories?name=elec HTTP/1.1\" 422 127 \"-\" \"PostmanRuntime/7.29.2\"\n"}
{"level":"info","message":"::1 - - [20/Oct/2022:06:11:43 +0000] \"POST /categories HTTP/1.1\" 500 98 \"-\" \"PostmanRuntime/7.29.2\"\n"}
{"level":"info","message":"::1 - - [20/Oct/2022:06:12:02 +0000] \"POST /categories HTTP/1.1\" 422 154 \"-\" \"PostmanRuntime/7.29.2\"\n"}
{"level":"info","message":"::1 - - [20/Oct/2022:06:12:38 +0000] \"POST /categories HTTP/1.1\" 422 154 \"-\" \"PostmanRuntime/7.29.2\"\n"}
{"level":"info","message":"::1 - - [20/Oct/2022:06:12:42 +0000] \"POST /categories HTTP/1.1\" 500 98 \"-\" \"PostmanRuntime/7.29.2\"\n"}
{"level":"info","message":"::1 - - [20/Oct/2022:06:13:14 +0000] \"POST /categories HTTP/1.1\" 500 98 \"-\" \"PostmanRuntime/7.29.2\"\n"}
{"level":"info","message":"::1 - - [20/Oct/2022:06:14:03 +0000] \"POST /categories HTTP/1.1\" 422 161 \"-\" \"PostmanRuntime/7.29.2\"\n"}
{"level":"info","message":"::1 - - [20/Oct/2022:06:14:24 +0000] \"POST /categories HTTP/1.1\" 201 155 \"-\" \"PostmanRuntime/7.29.2\"\n"}
{"level":"info","message":"::1 - - [20/Oct/2022:06:17:26 +0000] \"POST /categories HTTP/1.1\" 201 154 \"-\" \"PostmanRuntime/7.29.2\"\n"}
{"level":"info","message":"::1 - - [20/Oct/2022:06:17:30 +0000] \"GET /categories/6350e7f642a6b18e6f51bb20 HTTP/1.1\" 404 174 \"-\" \"PostmanRuntime/7.29.2\"\n"}
{"level":"info","message":"::1 - - [20/Oct/2022:06:18:03 +0000] \"GET /categories/6350e7f642a6b18e6f51bb20 HTTP/1.1\" 200 135 \"-\" \"PostmanRuntime/7.29.2\"\n"}
{"level":"info","message":"::1 - - [20/Oct/2022:06:28:07 +0000] \"POST /auth/register HTTP/1.1\" 201 167 \"-\" \"PostmanRuntime/7.29.2\"\n"}
{"level":"info","message":"::1 - - [20/Oct/2022:06:28:11 +0000] \"POST /auth/login HTTP/1.1\" 200 447 \"-\" \"PostmanRuntime/7.29.2\"\n"}
{"level":"info","message":"::1 - - [20/Oct/2022:06:28:22 +0000] \"GET /products HTTP/1.1\" 200 80 \"-\" \"PostmanRuntime/7.29.2\"\n"}
{"level":"info","message":"::1 - - [20/Oct/2022:06:28:28 +0000] \"POST /products HTTP/1.1\" 422 136 \"-\" \"PostmanRuntime/7.29.2\"\n"}
{"level":"info","message":"::1 - - [20/Oct/2022:06:29:32 +0000] \"POST /auth/login HTTP/1.1\" 200 444 \"-\" \"PostmanRuntime/7.29.2\"\n"}
{"level":"info","message":"::1 - - [20/Oct/2022:06:29:48 +0000] \"POST /categories HTTP/1.1\" 201 154 \"-\" \"PostmanRuntime/7.29.2\"\n"}
{"level":"info","message":"::1 - - [20/Oct/2022:06:29:51 +0000] \"POST /products HTTP/1.1\" 201 470 \"-\" \"PostmanRuntime/7.29.2\"\n"}
{"level":"info","message":"::1 - - [20/Oct/2022:06:30:40 +0000] \"POST /products HTTP/1.1\" 201 470 \"-\" \"PostmanRuntime/7.29.2\"\n"}
{"level":"info","message":"::1 - - [20/Oct/2022:06:30:52 +0000] \"GET /products HTTP/1.1\" 200 863 \"-\" \"PostmanRuntime/7.29.2\"\n"}
{"level":"info","message":"::1 - - [20/Oct/2022:06:36:46 +0000] \"GET /cart HTTP/1.1\" 404 143 \"-\" \"PostmanRuntime/7.29.2\"\n"}
{"level":"info","message":"::1 - - [20/Oct/2022:06:37:17 +0000] \"GET /cart HTTP/1.1\" 200 62 \"-\" \"PostmanRuntime/7.29.2\"\n"}
{"level":"info","message":"::1 - - [20/Oct/2022:06:41:40 +0000] \"GET /products HTTP/1.1\" 200 863 \"-\" \"PostmanRuntime/7.29.2\"\n"}
{"level":"info","message":"::1 - - [20/Oct/2022:06:41:51 +0000] \"POST /cart HTTP/1.1\" 404 144 \"-\" \"PostmanRuntime/7.29.2\"\n"}
{"level":"info","message":"::1 - - [20/Oct/2022:06:41:58 +0000] \"POST /cart HTTP/1.1\" 200 146 \"-\" \"PostmanRuntime/7.29.2\"\n"}
{"level":"info","message":"::1 - - [20/Oct/2022:06:42:28 +0000] \"POST /cart HTTP/1.1\" 500 210 \"-\" \"PostmanRuntime/7.29.2\"\n"}
{"level":"info","message":"::1 - - [20/Oct/2022:06:43:51 +0000] \"POST /cart HTTP/1.1\" 200 146 \"-\" \"PostmanRuntime/7.29.2\"\n"}
{"level":"info","message":"::1 - - [20/Oct/2022:06:55:31 +0000] \"POST /cart HTTP/1.1\" 422 253 \"-\" \"PostmanRuntime/7.29.2\"\n"}
{"level":"info","message":"::1 - - [20/Oct/2022:06:55:48 +0000] \"POST /cart HTTP/1.1\" 422 206 \"-\" \"PostmanRuntime/7.29.2\"\n"}
{"level":"info","message":"::1 - - [20/Oct/2022:06:55:56 +0000] \"POST /cart HTTP/1.1\" 200 231 \"-\" \"PostmanRuntime/7.29.2\"\n"}
{"level":"info","message":"::1 - - [20/Oct/2022:06:56:07 +0000] \"POST /cart HTTP/1.1\" 422 174 \"-\" \"PostmanRuntime/7.29.2\"\n"}
{"level":"info","message":"::1 - - [20/Oct/2022:06:57:40 +0000] \"GET /cart HTTP/1.1\" 200 231 \"-\" \"PostmanRuntime/7.29.2\"\n"}
{"level":"info","message":"::1 - - [20/Oct/2022:07:00:37 +0000] \"GET /cart HTTP/1.1\" 200 231 \"-\" \"PostmanRuntime/7.29.2\"\n"}
{"level":"info","message":"::1 - - [20/Oct/2022:07:14:16 +0000] \"POST /cart HTTP/1.1\" 200 231 \"-\" \"PostmanRuntime/7.29.2\"\n"}
{"level":"info","message":"::1 - - [20/Oct/2022:07:15:08 +0000] \"POST /cart HTTP/1.1\" 200 316 \"-\" \"PostmanRuntime/7.29.2\"\n"}
{"level":"info","message":"::1 - - [20/Oct/2022:07:15:12 +0000] \"POST /cart HTTP/1.1\" 200 316 \"-\" \"PostmanRuntime/7.29.2\"\n"}
{"level":"info","message":"::1 - - [20/Oct/2022:07:15:23 +0000] \"POST /cart HTTP/1.1\" 200 316 \"-\" \"PostmanRuntime/7.29.2\"\n"}
{"level":"info","message":"::1 - - [20/Oct/2022:07:15:30 +0000] \"POST /cart HTTP/1.1\" 422 173 \"-\" \"PostmanRuntime/7.29.2\"\n"}
{"level":"info","message":"::1 - - [20/Oct/2022:07:16:20 +0000] \"POST /cart HTTP/1.1\" 200 231 \"-\" \"PostmanRuntime/7.29.2\"\n"}
{"level":"info","message":"::1 - - [20/Oct/2022:07:19:44 +0000] \"GET /cart HTTP/1.1\" 200 231 \"-\" \"PostmanRuntime/7.29.2\"\n"}
{"level":"info","message":"::1 - - [20/Oct/2022:07:20:22 +0000] \"DELETE /cart/6350eadff8f2c6062ed004f1 HTTP/1.1\" 404 171 \"-\" \"PostmanRuntime/7.29.2\"\n"}
{"level":"info","message":"::1 - - [20/Oct/2022:07:29:10 +0000] \"DELETE /cart/6350eadff8f2c6062ed004f1 HTTP/1.1\" 422 324 \"-\" \"PostmanRuntime/7.29.2\"\n"}
{"level":"info","message":"::1 - - [20/Oct/2022:07:29:51 +0000] \"DELETE /cart/6350eadff8f2c6062ed004f1 HTTP/1.1\" 422 324 \"-\" \"PostmanRuntime/7.29.2\"\n"}
{"level":"info","message":"::1 - - [20/Oct/2022:07:30:04 +0000] \"DELETE /cart/6350eadff8f2c6062ed004f1 HTTP/1.1\" 500 338 \"-\" \"PostmanRuntime/7.29.2\"\n"}
{"level":"info","message":"::1 - - [20/Oct/2022:07:30:56 +0000] \"DELETE /cart/6350eadff8f2c6062ed004f1 HTTP/1.1\" 200 66 \"-\" \"PostmanRuntime/7.29.2\"\n"}
{"level":"info","message":"::1 - - [20/Oct/2022:07:31:22 +0000] \"GET /cart HTTP/1.1\" 200 62 \"-\" \"PostmanRuntime/7.29.2\"\n"}
{"level":"info","message":"::1 - - [20/Oct/2022:07:35:39 +0000] \"DELETE /cart/clear HTTP/1.1\" 500 51 \"-\" \"PostmanRuntime/7.29.2\"\n"}
{"level":"info","message":"::1 - - [20/Oct/2022:07:35:52 +0000] \"DELETE /cart/clear HTTP/1.1\" 500 51 \"-\" \"PostmanRuntime/7.29.2\"\n"}
{"level":"info","message":"::1 - - [20/Oct/2022:07:36:19 +0000] \"DELETE /cart/clear HTTP/1.1\" 500 51 \"-\" \"PostmanRuntime/7.29.2\"\n"}
{"level":"info","message":"::1 - - [20/Oct/2022:07:37:15 +0000] \"DELETE /cart/clear HTTP/1.1\" 500 51 \"-\" \"PostmanRuntime/7.29.2\"\n"}
{"level":"info","message":"::1 - - [20/Oct/2022:07:37:36 +0000] \"DELETE /cart/clear HTTP/1.1\" 500 51 \"-\" \"PostmanRuntime/7.29.2\"\n"}
{"level":"info","message":"::1 - - [20/Oct/2022:07:37:44 +0000] \"DELETE /cart/clear HTTP/1.1\" 500 51 \"-\" \"PostmanRuntime/7.29.2\"\n"}
{"level":"info","message":"::1 - - [20/Oct/2022:07:37:51 +0000] \"DELETE /cart/clear HTTP/1.1\" 500 51 \"-\" \"PostmanRuntime/7.29.2\"\n"}
{"level":"info","message":"::1 - - [20/Oct/2022:07:38:34 +0000] \"DELETE /cart/clear HTTP/1.1\" - - \"-\" \"PostmanRuntime/7.29.2\"\n"}
{"level":"info","message":"::1 - - [20/Oct/2022:07:38:36 +0000] \"GET /cart HTTP/1.1\" 200 62 \"-\" \"PostmanRuntime/7.29.2\"\n"}
{"level":"info","message":"::1 - - [20/Oct/2022:07:38:39 +0000] \"POST /cart HTTP/1.1\" 200 146 \"-\" \"PostmanRuntime/7.29.2\"\n"}
{"level":"info","message":"::1 - - [20/Oct/2022:07:39:41 +0000] \"DELETE /cart/clear HTTP/1.1\" 500 93 \"-\" \"PostmanRuntime/7.29.2\"\n"}
{"level":"info","message":"::1 - - [20/Oct/2022:07:41:00 +0000] \"GET /cart HTTP/1.1\" 200 146 \"-\" \"PostmanRuntime/7.29.2\"\n"}
{"level":"info","message":"::1 - - [20/Oct/2022:07:41:05 +0000] \"DELETE /cart/clear HTTP/1.1\" - - \"-\" \"PostmanRuntime/7.29.2\"\n"}
{"level":"info","message":"::1 - - [20/Oct/2022:07:41:08 +0000] \"GET /cart HTTP/1.1\" 200 62 \"-\" \"PostmanRuntime/7.29.2\"\n"}
{"level":"info","message":"::1 - - [20/Oct/2022:07:41:57 +0000] \"POST /cart HTTP/1.1\" 200 146 \"-\" \"PostmanRuntime/7.29.2\"\n"}
{"level":"info","message":"::1 - - [20/Oct/2022:07:42:04 +0000] \"DELETE /cart/6350eb1089e7c0d7cb14e50d HTTP/1.1\" 200 66 \"-\" \"PostmanRuntime/7.29.2\"\n"}
{"level":"info","message":"::1 - - [20/Oct/2022:07:42:08 +0000] \"GET /cart HTTP/1.1\" 200 62 \"-\" \"PostmanRuntime/7.29.2\"\n"}
{"level":"info","message":"::1 - - [20/Oct/2022:07:43:38 +0000] \"DELETE /cart/clear HTTP/1.1\" 200 71 \"-\" \"PostmanRuntime/7.29.2\"\n"}
{"level":"info","message":"::1 - - [20/Oct/2022:07:50:58 +0000] \"GET /cart HTTP/1.1\" 200 62 \"-\" \"PostmanRuntime/7.29.2\"\n"}
{"level":"info","message":"::1 - - [20/Oct/2022:07:51:00 +0000] \"POST /cart HTTP/1.1\" 200 146 \"-\" \"PostmanRuntime/7.29.2\"\n"}
{"level":"info","message":"::1 - - [20/Oct/2022:07:51:15 +0000] \"PUT /cart/6350eb1089e7c0d7cb14e50d HTTP/1.1\" - - \"-\" \"PostmanRuntime/7.29.2\"\n"}
{"level":"info","message":"::1 - - [20/Oct/2022:07:51:30 +0000] \"DELETE /cart/clear HTTP/1.1\" 200 71 \"-\" \"PostmanRuntime/7.29.2\"\n"}
{"level":"info","message":"::1 - - [20/Oct/2022:07:51:33 +0000] \"POST /cart HTTP/1.1\" 200 146 \"-\" \"PostmanRuntime/7.29.2\"\n"}
{"level":"info","message":"::1 - - [20/Oct/2022:07:52:31 +0000] \"PUT /cart/6350eb1089e7c0d7cb14e50d HTTP/1.1\" - - \"-\" \"PostmanRuntime/7.29.2\"\n"}
{"level":"info","message":"::1 - - [20/Oct/2022:07:52:33 +0000] \"DELETE /cart/clear HTTP/1.1\" 200 71 \"-\" \"PostmanRuntime/7.29.2\"\n"}
{"level":"info","message":"::1 - - [20/Oct/2022:07:52:35 +0000] \"POST /cart HTTP/1.1\" 200 146 \"-\" \"PostmanRuntime/7.29.2\"\n"}
{"level":"info","message":"::1 - - [20/Oct/2022:07:54:18 +0000] \"GET /cart HTTP/1.1\" 200 146 \"-\" \"PostmanRuntime/7.29.2\"\n"}
{"level":"info","message":"::1 - - [20/Oct/2022:07:54:22 +0000] \"PUT /cart/6350eb1089e7c0d7cb14e50d HTTP/1.1\" - - \"-\" \"PostmanRuntime/7.29.2\"\n"}
{"level":"info","message":"::1 - - [20/Oct/2022:07:54:23 +0000] \"GET /cart HTTP/1.1\" 200 146 \"-\" \"PostmanRuntime/7.29.2\"\n"}
{"level":"info","message":"::1 - - [20/Oct/2022:07:54:36 +0000] \"GET /products HTTP/1.1\" 200 863 \"-\" \"PostmanRuntime/7.29.2\"\n"}
{"level":"info","message":"::1 - - [20/Oct/2022:07:54:46 +0000] \"POST /cart HTTP/1.1\" 200 231 \"-\" \"PostmanRuntime/7.29.2\"\n"}
{"level":"info","message":"::1 - - [20/Oct/2022:07:54:53 +0000] \"PUT /cart/6350eb1089e7c0d7cb14e50d HTTP/1.1\" - - \"-\" \"PostmanRuntime/7.29.2\"\n"}
{"level":"info","message":"::1 - - [20/Oct/2022:07:54:57 +0000] \"GET /cart HTTP/1.1\" 200 232 \"-\" \"PostmanRuntime/7.29.2\"\n"}
{"level":"info","message":"::1 - - [20/Oct/2022:07:57:18 +0000] \"GET /cart HTTP/1.1\" 200 232 \"-\" \"PostmanRuntime/7.29.2\"\n"}
{"level":"info","message":"::1 - - [20/Oct/2022:07:57:22 +0000] \"PUT /cart/6350fe433d8ad812bf2e46e9 HTTP/1.1\" 200 61 \"-\" \"PostmanRuntime/7.29.2\"\n"}
{"level":"info","message":"::1 - - [20/Oct/2022:07:58:35 +0000] \"GET /cart HTTP/1.1\" 200 232 \"-\" \"PostmanRuntime/7.29.2\"\n"}
{"level":"info","message":"::1 - - [20/Oct/2022:07:58:40 +0000] \"DELETE /cart/6350fe433d8ad812bf2e46e9 HTTP/1.1\" 200 66 \"-\" \"PostmanRuntime/7.29.2\"\n"}
{"level":"info","message":"::1 - - [20/Oct/2022:07:58:44 +0000] \"GET /cart HTTP/1.1\" 200 146 \"-\" \"PostmanRuntime/7.29.2\"\n"}
{"level":"info","message":"::1 - - [20/Oct/2022:07:59:39 +0000] \"PUT /cart/6350eadff8f2c6062ed004f1 HTTP/1.1\" 200 61 \"-\" \"PostmanRuntime/7.29.2\"\n"}
{"level":"info","message":"::1 - - [20/Oct/2022:07:59:41 +0000] \"GET /cart HTTP/1.1\" 200 146 \"-\" \"PostmanRuntime/7.29.2\"\n"}
{"level":"info","message":"::1 - - [20/Oct/2022:07:59:44 +0000] \"PUT /cart/6350eadff8f2c6062ed004f1 HTTP/1.1\" 200 61 \"-\" \"PostmanRuntime/7.29.2\"\n"}
{"level":"info","message":"::1 - - [20/Oct/2022:07:59:46 +0000] \"GET /cart HTTP/1.1\" 200 146 \"-\" \"PostmanRuntime/7.29.2\"\n"}
{"level":"info","message":"::1 - - [20/Oct/2022:07:59:57 +0000] \"PUT /cart/6350eadff8f2c6062ed004f1 HTTP/1.1\" 200 61 \"-\" \"PostmanRuntime/7.29.2\"\n"}
{"level":"info","message":"::1 - - [20/Oct/2022:08:00:31 +0000] \"PUT /cart/6350fec69b7049e5c78f63ea HTTP/1.1\" 200 61 \"-\" \"PostmanRuntime/7.29.2\"\n"}
{"level":"info","message":"::1 - - [20/Oct/2022:08:00:34 +0000] \"GET /cart HTTP/1.1\" 200 147 \"-\" \"PostmanRuntime/7.29.2\"\n"}
{"level":"info","message":"::1 - - [20/Oct/2022:08:04:34 +0000] \"GET /cart HTTP/1.1\" 200 147 \"-\" \"PostmanRuntime/7.29.2\"\n"}
{"level":"info","message":"::1 - - [20/Oct/2022:08:04:34 +0000] \"GET /cart HTTP/1.1\" 200 147 \"-\" \"PostmanRuntime/7.29.2\"\n"}
{"level":"info","message":"::1 - - [20/Oct/2022:08:04:38 +0000] \"PUT /cart/6350eadff8f2c6062ed004f1 HTTP/1.1\" 422 108 \"-\" \"PostmanRuntime/7.29.2\"\n"}
{"level":"info","message":"::1 - - [20/Oct/2022:08:04:48 +0000] \"PUT /cart/6350fec69b7049e5c78f63ea HTTP/1.1\" 200 61 \"-\" \"PostmanRuntime/7.29.2\"\n"}
{"level":"info","message":"::1 - - [20/Oct/2022:08:04:52 +0000] \"GET /cart HTTP/1.1\" 200 147 \"-\" \"PostmanRuntime/7.29.2\"\n"}
{"level":"info","message":"::1 - - [20/Oct/2022:08:05:39 +0000] \"PUT /cart/6350eadff8f2c6062ed004f1 HTTP/1.1\" 422 108 \"-\" \"PostmanRuntime/7.29.2\"\n"}
{"level":"info","message":"::1 - - [20/Oct/2022:08:05:42 +0000] \"PUT /cart/6350fec69b7049e5c78f63ea HTTP/1.1\" 200 61 \"-\" \"PostmanRuntime/7.29.2\"\n"}
{"level":"info","message":"::1 - - [20/Oct/2022:08:06:18 +0000] \"GET /cart HTTP/1.1\" 500 158 \"-\" \"PostmanRuntime/7.29.2\"\n"}
{"level":"info","message":"::1 - - [20/Oct/2022:08:06:27 +0000] \"GET /cart HTTP/1.1\" 200 512 \"-\" \"PostmanRuntime/7.29.2\"\n"}
